[2025-04-02T19:19:48.581+0000] {manager.py:483} INFO - Processing files using up to 2 processes at a time 
[2025-04-02T19:19:48.582+0000] {manager.py:484} INFO - Process each file at most once every 30 seconds
[2025-04-02T19:19:48.582+0000] {manager.py:485} INFO - Checking for new files in /opt/airflow/dags every 300 seconds
[2025-04-02T19:19:48.582+0000] {manager.py:821} INFO - Searching for files in /opt/airflow/dags
[2025-04-02T19:19:48.585+0000] {manager.py:824} INFO - There are 0 files in /opt/airflow/dags
[2025-04-02T19:22:08.118+0000] {manager.py:465} INFO - Exiting gracefully upon receiving signal 15
[2025-04-02T19:22:34.785+0000] {manager.py:483} INFO - Processing files using up to 2 processes at a time 
[2025-04-02T19:22:34.786+0000] {manager.py:484} INFO - Process each file at most once every 30 seconds
[2025-04-02T19:22:34.786+0000] {manager.py:485} INFO - Checking for new files in /opt/airflow/dags every 300 seconds
[2025-04-02T19:22:34.787+0000] {manager.py:821} INFO - Searching for files in /opt/airflow/dags
[2025-04-02T19:22:34.789+0000] {manager.py:824} INFO - There are 0 files in /opt/airflow/dags
[2025-04-02T19:24:32.765+0000] {manager.py:465} INFO - Exiting gracefully upon receiving signal 15
[2025-04-02T19:24:51.728+0000] {manager.py:483} INFO - Processing files using up to 2 processes at a time 
[2025-04-02T19:24:51.729+0000] {manager.py:484} INFO - Process each file at most once every 30 seconds
[2025-04-02T19:24:51.729+0000] {manager.py:485} INFO - Checking for new files in /opt/airflow/dags every 300 seconds
[2025-04-02T19:24:51.729+0000] {manager.py:821} INFO - Searching for files in /opt/airflow/dags
[2025-04-02T19:24:51.731+0000] {manager.py:824} INFO - There are 0 files in /opt/airflow/dags
[2025-04-02T19:29:52.103+0000] {manager.py:821} INFO - Searching for files in /opt/airflow/dags
[2025-04-02T19:29:52.106+0000] {manager.py:824} INFO - There are 0 files in /opt/airflow/dags
[2025-04-02T19:34:52.476+0000] {manager.py:821} INFO - Searching for files in /opt/airflow/dags
[2025-04-02T19:34:52.479+0000] {manager.py:824} INFO - There are 0 files in /opt/airflow/dags
[2025-04-02T19:37:35.595+0000] {manager.py:465} INFO - Exiting gracefully upon receiving signal 15
[2025-04-02T19:37:48.601+0000] {manager.py:483} INFO - Processing files using up to 2 processes at a time 
[2025-04-02T19:37:48.602+0000] {manager.py:484} INFO - Process each file at most once every 30 seconds
[2025-04-02T19:37:48.602+0000] {manager.py:485} INFO - Checking for new files in /opt/airflow/dags every 300 seconds
[2025-04-02T19:37:48.602+0000] {manager.py:821} INFO - Searching for files in /opt/airflow/dags
[2025-04-02T19:37:48.605+0000] {manager.py:824} INFO - There are 0 files in /opt/airflow/dags
[2025-04-02T19:37:56.481+0000] {manager.py:465} INFO - Exiting gracefully upon receiving signal 15
[2025-04-02T19:38:16.864+0000] {manager.py:483} INFO - Processing files using up to 2 processes at a time 
[2025-04-02T19:38:16.864+0000] {manager.py:484} INFO - Process each file at most once every 30 seconds
[2025-04-02T19:38:16.864+0000] {manager.py:485} INFO - Checking for new files in /opt/airflow/dags every 300 seconds
[2025-04-02T19:38:16.865+0000] {manager.py:821} INFO - Searching for files in /opt/airflow/dags
[2025-04-02T19:38:16.867+0000] {manager.py:824} INFO - There are 0 files in /opt/airflow/dags
[2025-04-02T19:43:17.228+0000] {manager.py:821} INFO - Searching for files in /opt/airflow/dags
[2025-04-02T19:43:17.235+0000] {manager.py:824} INFO - There are 1 files in /opt/airflow/dags
[2025-04-02T19:43:18.320+0000] {manager.py:997} INFO - 
================================================================================
DAG File Processing Stats

File Path                   PID  Runtime      # DAGs    # Errors  Last Runtime    Last Run      Last # of DB Queries
------------------------  -----  ---------  --------  ----------  --------------  ----------  ----------------------
/opt/airflow/dags/etl.py    171  1.01s             0           0                                                   0
================================================================================
[2025-04-02T19:43:48.636+0000] {manager.py:997} INFO - 
================================================================================
DAG File Processing Stats

File Path                 PID    Runtime      # DAGs    # Errors  Last Runtime    Last Run               Last # of DB Queries
------------------------  -----  ---------  --------  ----------  --------------  -------------------  ----------------------
/opt/airflow/dags/etl.py                           1           0  0.18s           2025-04-02T19:43:28                      45
================================================================================
[2025-04-02T19:44:18.863+0000] {manager.py:997} INFO - 
================================================================================
DAG File Processing Stats

File Path                 PID    Runtime      # DAGs    # Errors  Last Runtime    Last Run               Last # of DB Queries
------------------------  -----  ---------  --------  ----------  --------------  -------------------  ----------------------
/opt/airflow/dags/etl.py                           1           0  0.18s           2025-04-02T19:44:17                      45
================================================================================
[2025-04-02T19:44:49.021+0000] {manager.py:997} INFO - 
================================================================================
DAG File Processing Stats

File Path                 PID    Runtime      # DAGs    # Errors  Last Runtime    Last Run               Last # of DB Queries
------------------------  -----  ---------  --------  ----------  --------------  -------------------  ----------------------
/opt/airflow/dags/etl.py                           1           0  0.08s           2025-04-02T19:44:33                      11
================================================================================
[2025-04-02T19:45:19.223+0000] {manager.py:997} INFO - 
================================================================================
DAG File Processing Stats

File Path                 PID    Runtime      # DAGs    # Errors  Last Runtime    Last Run               Last # of DB Queries
------------------------  -----  ---------  --------  ----------  --------------  -------------------  ----------------------
/opt/airflow/dags/etl.py                           1           0  0.09s           2025-04-02T19:45:03                      12
================================================================================
[2025-04-02T19:45:49.385+0000] {manager.py:997} INFO - 
================================================================================
DAG File Processing Stats

File Path                 PID    Runtime      # DAGs    # Errors  Last Runtime    Last Run               Last # of DB Queries
------------------------  -----  ---------  --------  ----------  --------------  -------------------  ----------------------
/opt/airflow/dags/etl.py                           1           0  0.09s           2025-04-02T19:45:33                      12
================================================================================
[2025-04-02T19:46:19.586+0000] {manager.py:997} INFO - 
================================================================================
DAG File Processing Stats

File Path                 PID    Runtime      # DAGs    # Errors  Last Runtime    Last Run               Last # of DB Queries
------------------------  -----  ---------  --------  ----------  --------------  -------------------  ----------------------
/opt/airflow/dags/etl.py                           1           0  0.08s           2025-04-02T19:46:03                      12
================================================================================
[2025-04-02T19:46:49.747+0000] {manager.py:997} INFO - 
================================================================================
DAG File Processing Stats

File Path                 PID    Runtime      # DAGs    # Errors  Last Runtime    Last Run               Last # of DB Queries
------------------------  -----  ---------  --------  ----------  --------------  -------------------  ----------------------
/opt/airflow/dags/etl.py                           1           0  0.09s           2025-04-02T19:46:33                      12
================================================================================
[2025-04-02T19:47:19.996+0000] {manager.py:997} INFO - 
================================================================================
DAG File Processing Stats

File Path                 PID    Runtime      # DAGs    # Errors  Last Runtime    Last Run               Last # of DB Queries
------------------------  -----  ---------  --------  ----------  --------------  -------------------  ----------------------
/opt/airflow/dags/etl.py                           1           0  0.52s           2025-04-02T19:47:05                      34
================================================================================
[2025-04-02T19:47:50.041+0000] {manager.py:997} INFO - 
================================================================================
DAG File Processing Stats

File Path                   PID  Runtime      # DAGs    # Errors  Last Runtime    Last Run               Last # of DB Queries
------------------------  -----  ---------  --------  ----------  --------------  -------------------  ----------------------
/opt/airflow/dags/etl.py    248  0.00s             1           0  0.46s           2025-04-02T19:47:45                      34
================================================================================
[2025-04-02T19:48:17.567+0000] {manager.py:821} INFO - Searching for files in /opt/airflow/dags
[2025-04-02T19:48:17.572+0000] {manager.py:824} INFO - There are 1 files in /opt/airflow/dags
[2025-04-02T19:48:20.230+0000] {manager.py:997} INFO - 
================================================================================
DAG File Processing Stats

File Path                 PID    Runtime      # DAGs    # Errors  Last Runtime    Last Run               Last # of DB Queries
------------------------  -----  ---------  --------  ----------  --------------  -------------------  ----------------------
/opt/airflow/dags/etl.py                           1           0  0.41s           2025-04-02T19:47:50                      11
================================================================================
[2025-04-02T19:48:50.739+0000] {manager.py:997} INFO - 
================================================================================
DAG File Processing Stats

File Path                 PID    Runtime      # DAGs    # Errors  Last Runtime    Last Run               Last # of DB Queries
------------------------  -----  ---------  --------  ----------  --------------  -------------------  ----------------------
/opt/airflow/dags/etl.py                           1           0  0.40s           2025-04-02T19:48:20                      12
================================================================================
[2025-04-02T19:49:20.808+0000] {manager.py:997} INFO - 
================================================================================
DAG File Processing Stats

File Path                 PID    Runtime      # DAGs    # Errors  Last Runtime    Last Run               Last # of DB Queries
------------------------  -----  ---------  --------  ----------  --------------  -------------------  ----------------------
/opt/airflow/dags/etl.py                           1           0  0.40s           2025-04-02T19:49:20                      12
================================================================================
[2025-04-02T19:49:51.345+0000] {manager.py:997} INFO - 
================================================================================
DAG File Processing Stats

File Path                 PID    Runtime      # DAGs    # Errors  Last Runtime    Last Run               Last # of DB Queries
------------------------  -----  ---------  --------  ----------  --------------  -------------------  ----------------------
/opt/airflow/dags/etl.py                           1           0  0.42s           2025-04-02T19:49:50                      12
================================================================================
[2025-04-02T19:50:21.904+0000] {manager.py:997} INFO - 
================================================================================
DAG File Processing Stats

File Path                 PID    Runtime      # DAGs    # Errors  Last Runtime    Last Run               Last # of DB Queries
------------------------  -----  ---------  --------  ----------  --------------  -------------------  ----------------------
/opt/airflow/dags/etl.py                           1           0  0.43s           2025-04-02T19:50:10                      12
================================================================================
[2025-04-02T19:50:52.067+0000] {manager.py:997} INFO - 
================================================================================
DAG File Processing Stats

File Path                 PID    Runtime      # DAGs    # Errors  Last Runtime    Last Run               Last # of DB Queries
------------------------  -----  ---------  --------  ----------  --------------  -------------------  ----------------------
/opt/airflow/dags/etl.py                           1           0  0.46s           2025-04-02T19:50:41                      11
================================================================================
[2025-04-02T19:51:22.124+0000] {manager.py:997} INFO - 
================================================================================
DAG File Processing Stats

File Path                 PID    Runtime      # DAGs    # Errors  Last Runtime    Last Run               Last # of DB Queries
------------------------  -----  ---------  --------  ----------  --------------  -------------------  ----------------------
/opt/airflow/dags/etl.py                           1           0  0.46s           2025-04-02T19:51:12                      34
================================================================================
[2025-04-02T19:51:52.270+0000] {manager.py:997} INFO - 
================================================================================
DAG File Processing Stats

File Path                 PID    Runtime      # DAGs    # Errors  Last Runtime    Last Run               Last # of DB Queries
------------------------  -----  ---------  --------  ----------  --------------  -------------------  ----------------------
/opt/airflow/dags/etl.py                           1           0  0.42s           2025-04-02T19:51:42                      12
================================================================================
[2025-04-02T19:52:22.824+0000] {manager.py:997} INFO - 
================================================================================
DAG File Processing Stats

File Path                 PID    Runtime      # DAGs    # Errors  Last Runtime    Last Run               Last # of DB Queries
------------------------  -----  ---------  --------  ----------  --------------  -------------------  ----------------------
/opt/airflow/dags/etl.py                           1           0  0.43s           2025-04-02T19:52:13                      12
================================================================================
[2025-04-02T19:52:53.392+0000] {manager.py:997} INFO - 
================================================================================
DAG File Processing Stats

File Path                 PID    Runtime      # DAGs    # Errors  Last Runtime    Last Run               Last # of DB Queries
------------------------  -----  ---------  --------  ----------  --------------  -------------------  ----------------------
/opt/airflow/dags/etl.py                           1           0  0.42s           2025-04-02T19:52:43                      12
================================================================================
[2025-04-02T19:53:17.913+0000] {manager.py:821} INFO - Searching for files in /opt/airflow/dags
[2025-04-02T19:53:17.918+0000] {manager.py:824} INFO - There are 1 files in /opt/airflow/dags
[2025-04-02T19:53:23.954+0000] {manager.py:997} INFO - 
================================================================================
DAG File Processing Stats

File Path                 PID    Runtime      # DAGs    # Errors  Last Runtime    Last Run               Last # of DB Queries
------------------------  -----  ---------  --------  ----------  --------------  -------------------  ----------------------
/opt/airflow/dags/etl.py                           1           0  0.43s           2025-04-02T19:53:14                      12
================================================================================
[2025-04-02T19:53:54.503+0000] {manager.py:997} INFO - 
================================================================================
DAG File Processing Stats

File Path                 PID    Runtime      # DAGs    # Errors  Last Runtime    Last Run               Last # of DB Queries
------------------------  -----  ---------  --------  ----------  --------------  -------------------  ----------------------
/opt/airflow/dags/etl.py                           1           0  0.43s           2025-04-02T19:53:44                      12
================================================================================
[2025-04-02T19:54:25.074+0000] {manager.py:997} INFO - 
================================================================================
DAG File Processing Stats

File Path                 PID    Runtime      # DAGs    # Errors  Last Runtime    Last Run               Last # of DB Queries
------------------------  -----  ---------  --------  ----------  --------------  -------------------  ----------------------
/opt/airflow/dags/etl.py                           1           0  0.42s           2025-04-02T19:54:15                      12
================================================================================
[2025-04-02T19:54:55.615+0000] {manager.py:997} INFO - 
================================================================================
DAG File Processing Stats

File Path                 PID    Runtime      # DAGs    # Errors  Last Runtime    Last Run               Last # of DB Queries
------------------------  -----  ---------  --------  ----------  --------------  -------------------  ----------------------
/opt/airflow/dags/etl.py                           1           0  0.54s           2025-04-02T19:54:45                      45
================================================================================
[2025-04-02T19:55:25.910+0000] {manager.py:997} INFO - 
================================================================================
DAG File Processing Stats

File Path                   PID  Runtime      # DAGs    # Errors  Last Runtime    Last Run               Last # of DB Queries
------------------------  -----  ---------  --------  ----------  --------------  -------------------  ----------------------
/opt/airflow/dags/etl.py    350  0.00s             1           0  0.40s           2025-04-02T19:55:14                      11
================================================================================
[2025-04-02T19:55:56.302+0000] {manager.py:997} INFO - 
================================================================================
DAG File Processing Stats

File Path                 PID    Runtime      # DAGs    # Errors  Last Runtime    Last Run               Last # of DB Queries
------------------------  -----  ---------  --------  ----------  --------------  -------------------  ----------------------
/opt/airflow/dags/etl.py                           1           0  0.47s           2025-04-02T19:55:26                      34
================================================================================
[2025-04-02T19:56:26.647+0000] {manager.py:997} INFO - 
================================================================================
DAG File Processing Stats

File Path                 PID    Runtime      # DAGs    # Errors  Last Runtime    Last Run               Last # of DB Queries
------------------------  -----  ---------  --------  ----------  --------------  -------------------  ----------------------
/opt/airflow/dags/etl.py                           1           0  0.42s           2025-04-02T19:55:56                      12
================================================================================
[2025-04-02T19:56:57.207+0000] {manager.py:997} INFO - 
================================================================================
DAG File Processing Stats

File Path                 PID    Runtime      # DAGs    # Errors  Last Runtime    Last Run               Last # of DB Queries
------------------------  -----  ---------  --------  ----------  --------------  -------------------  ----------------------
/opt/airflow/dags/etl.py                           1           0  0.38s           2025-04-02T19:56:27                      12
================================================================================
[2025-04-02T19:57:27.727+0000] {manager.py:997} INFO - 
================================================================================
DAG File Processing Stats

File Path                 PID    Runtime      # DAGs    # Errors  Last Runtime    Last Run               Last # of DB Queries
------------------------  -----  ---------  --------  ----------  --------------  -------------------  ----------------------
/opt/airflow/dags/etl.py                           1           0  0.48s           2025-04-02T19:56:58                      12
================================================================================
[2025-04-02T19:57:57.749+0000] {manager.py:997} INFO - 
================================================================================
DAG File Processing Stats

File Path                 PID    Runtime      # DAGs    # Errors  Last Runtime    Last Run               Last # of DB Queries
------------------------  -----  ---------  --------  ----------  --------------  -------------------  ----------------------
/opt/airflow/dags/etl.py                           1           0  0.41s           2025-04-02T19:57:28                      12
================================================================================
[2025-04-02T19:58:18.279+0000] {manager.py:821} INFO - Searching for files in /opt/airflow/dags
[2025-04-02T19:58:18.284+0000] {manager.py:824} INFO - There are 1 files in /opt/airflow/dags
[2025-04-02T19:58:27.890+0000] {manager.py:997} INFO - 
================================================================================
DAG File Processing Stats

File Path                 PID    Runtime      # DAGs    # Errors  Last Runtime    Last Run               Last # of DB Queries
------------------------  -----  ---------  --------  ----------  --------------  -------------------  ----------------------
/opt/airflow/dags/etl.py                           1           0  0.44s           2025-04-02T19:57:59                      12
================================================================================
[2025-04-02T19:58:58.473+0000] {manager.py:997} INFO - 
================================================================================
DAG File Processing Stats

File Path                 PID    Runtime      # DAGs    # Errors  Last Runtime    Last Run               Last # of DB Queries
------------------------  -----  ---------  --------  ----------  --------------  -------------------  ----------------------
/opt/airflow/dags/etl.py                           1           0  0.42s           2025-04-02T19:58:29                      12
================================================================================
[2025-04-02T19:59:29.037+0000] {manager.py:997} INFO - 
================================================================================
DAG File Processing Stats

File Path                 PID    Runtime      # DAGs    # Errors  Last Runtime    Last Run               Last # of DB Queries
------------------------  -----  ---------  --------  ----------  --------------  -------------------  ----------------------
/opt/airflow/dags/etl.py                           1           0  0.41s           2025-04-02T19:59:00                      12
================================================================================
[2025-04-02T19:59:59.570+0000] {manager.py:997} INFO - 
================================================================================
DAG File Processing Stats

File Path                 PID    Runtime      # DAGs    # Errors  Last Runtime    Last Run               Last # of DB Queries
------------------------  -----  ---------  --------  ----------  --------------  -------------------  ----------------------
/opt/airflow/dags/etl.py                           1           0  0.43s           2025-04-02T19:59:30                      12
================================================================================
[2025-04-02T20:00:30.153+0000] {manager.py:997} INFO - 
================================================================================
DAG File Processing Stats

File Path                 PID    Runtime      # DAGs    # Errors  Last Runtime    Last Run               Last # of DB Queries
------------------------  -----  ---------  --------  ----------  --------------  -------------------  ----------------------
/opt/airflow/dags/etl.py                           1           0  0.42s           2025-04-02T20:00:01                      12
================================================================================
[2025-04-02T20:01:00.710+0000] {manager.py:997} INFO - 
================================================================================
DAG File Processing Stats

File Path                 PID    Runtime      # DAGs    # Errors  Last Runtime    Last Run               Last # of DB Queries
------------------------  -----  ---------  --------  ----------  --------------  -------------------  ----------------------
/opt/airflow/dags/etl.py                           1           0  0.44s           2025-04-02T20:00:32                      12
================================================================================
[2025-04-02T20:01:31.275+0000] {manager.py:997} INFO - 
================================================================================
DAG File Processing Stats

File Path                 PID    Runtime      # DAGs    # Errors  Last Runtime    Last Run               Last # of DB Queries
------------------------  -----  ---------  --------  ----------  --------------  -------------------  ----------------------
/opt/airflow/dags/etl.py                           1           0  0.44s           2025-04-02T20:01:02                      12
================================================================================
[2025-04-02T20:02:01.860+0000] {manager.py:997} INFO - 
================================================================================
DAG File Processing Stats

File Path                 PID    Runtime      # DAGs    # Errors  Last Runtime    Last Run               Last # of DB Queries
------------------------  -----  ---------  --------  ----------  --------------  -------------------  ----------------------
/opt/airflow/dags/etl.py                           1           0  0.40s           2025-04-02T20:01:33                      12
================================================================================
[2025-04-02T20:02:32.403+0000] {manager.py:997} INFO - 
================================================================================
DAG File Processing Stats

File Path                 PID    Runtime      # DAGs    # Errors  Last Runtime    Last Run               Last # of DB Queries
------------------------  -----  ---------  --------  ----------  --------------  -------------------  ----------------------
/opt/airflow/dags/etl.py                           1           0  0.41s           2025-04-02T20:02:03                      12
================================================================================
[2025-04-02T20:03:02.955+0000] {manager.py:997} INFO - 
================================================================================
DAG File Processing Stats

File Path                 PID    Runtime      # DAGs    # Errors  Last Runtime    Last Run               Last # of DB Queries
------------------------  -----  ---------  --------  ----------  --------------  -------------------  ----------------------
/opt/airflow/dags/etl.py                           1           0  0.41s           2025-04-02T20:02:34                      12
================================================================================
[2025-04-02T20:03:18.434+0000] {manager.py:821} INFO - Searching for files in /opt/airflow/dags
[2025-04-02T20:03:18.439+0000] {manager.py:824} INFO - There are 1 files in /opt/airflow/dags
[2025-04-02T20:03:33.521+0000] {manager.py:997} INFO - 
================================================================================
DAG File Processing Stats

File Path                 PID    Runtime      # DAGs    # Errors  Last Runtime    Last Run               Last # of DB Queries
------------------------  -----  ---------  --------  ----------  --------------  -------------------  ----------------------
/opt/airflow/dags/etl.py                           1           0  0.42s           2025-04-02T20:03:04                      12
================================================================================
[2025-04-02T20:03:34.764+0000] {manager.py:465} INFO - Exiting gracefully upon receiving signal 15
