[2025-04-02T19:43:17.326+0000] {processor.py:186} INFO - Started process (PID=171) to work on /opt/airflow/dags/etl.py
[2025-04-02T19:43:17.327+0000] {processor.py:914} INFO - Processing file /opt/airflow/dags/etl.py for tasks to queue
[2025-04-02T19:43:17.329+0000] {logging_mixin.py:190} INFO - [2025-04-02T19:43:17.329+0000] {dagbag.py:588} INFO - Filling up the DagBag from /opt/airflow/dags/etl.py
[2025-04-02T19:43:18.272+0000] {processor.py:925} INFO - DAG(s) 'etl_pipeline' retrieved from /opt/airflow/dags/etl.py
[2025-04-02T19:43:18.417+0000] {logging_mixin.py:190} INFO - [2025-04-02T19:43:18.417+0000] {override.py:1912} INFO - Created Permission View: can edit on DAG:etl_pipeline
[2025-04-02T19:43:18.424+0000] {logging_mixin.py:190} INFO - [2025-04-02T19:43:18.424+0000] {override.py:1912} INFO - Created Permission View: can read on DAG:etl_pipeline
[2025-04-02T19:43:18.430+0000] {logging_mixin.py:190} INFO - [2025-04-02T19:43:18.430+0000] {override.py:1912} INFO - Created Permission View: can delete on DAG:etl_pipeline
[2025-04-02T19:43:18.436+0000] {logging_mixin.py:190} INFO - [2025-04-02T19:43:18.436+0000] {override.py:1912} INFO - Created Permission View: can delete on DAG Run:etl_pipeline
[2025-04-02T19:43:18.441+0000] {logging_mixin.py:190} INFO - [2025-04-02T19:43:18.441+0000] {override.py:1912} INFO - Created Permission View: can read on DAG Run:etl_pipeline
[2025-04-02T19:43:18.446+0000] {logging_mixin.py:190} INFO - [2025-04-02T19:43:18.446+0000] {override.py:1912} INFO - Created Permission View: can create on DAG Run:etl_pipeline
[2025-04-02T19:43:18.451+0000] {logging_mixin.py:190} INFO - [2025-04-02T19:43:18.451+0000] {override.py:1912} INFO - Created Permission View: menu access on DAG Run:etl_pipeline
[2025-04-02T19:43:18.452+0000] {logging_mixin.py:190} INFO - [2025-04-02T19:43:18.452+0000] {dag.py:3239} INFO - Sync 1 DAGs
[2025-04-02T19:43:18.461+0000] {logging_mixin.py:190} INFO - [2025-04-02T19:43:18.461+0000] {dag.py:3262} INFO - Creating ORM DAG for etl_pipeline
[2025-04-02T19:43:18.468+0000] {logging_mixin.py:190} INFO - [2025-04-02T19:43:18.468+0000] {dag.py:4180} INFO - Setting next_dagrun for etl_pipeline to 2025-04-01 00:00:00+00:00, run_after=2025-04-02 00:00:00+00:00
[2025-04-02T19:43:18.478+0000] {processor.py:208} INFO - Processing /opt/airflow/dags/etl.py took 1.156 seconds
[2025-04-02T19:43:28.396+0000] {processor.py:186} INFO - Started process (PID=177) to work on /opt/airflow/dags/etl.py
[2025-04-02T19:43:28.397+0000] {processor.py:914} INFO - Processing file /opt/airflow/dags/etl.py for tasks to queue
[2025-04-02T19:43:28.398+0000] {logging_mixin.py:190} INFO - [2025-04-02T19:43:28.398+0000] {dagbag.py:588} INFO - Filling up the DagBag from /opt/airflow/dags/etl.py
[2025-04-02T19:43:28.412+0000] {processor.py:925} INFO - DAG(s) 'example_dag' retrieved from /opt/airflow/dags/etl.py
[2025-04-02T19:43:28.488+0000] {logging_mixin.py:190} INFO - [2025-04-02T19:43:28.488+0000] {override.py:1912} INFO - Created Permission View: can edit on DAG:example_dag
[2025-04-02T19:43:28.496+0000] {logging_mixin.py:190} INFO - [2025-04-02T19:43:28.496+0000] {override.py:1912} INFO - Created Permission View: can read on DAG:example_dag
[2025-04-02T19:43:28.500+0000] {logging_mixin.py:190} INFO - [2025-04-02T19:43:28.500+0000] {override.py:1912} INFO - Created Permission View: can delete on DAG:example_dag
[2025-04-02T19:43:28.507+0000] {logging_mixin.py:190} INFO - [2025-04-02T19:43:28.507+0000] {override.py:1912} INFO - Created Permission View: can delete on DAG Run:example_dag
[2025-04-02T19:43:28.512+0000] {logging_mixin.py:190} INFO - [2025-04-02T19:43:28.512+0000] {override.py:1912} INFO - Created Permission View: can read on DAG Run:example_dag
[2025-04-02T19:43:28.517+0000] {logging_mixin.py:190} INFO - [2025-04-02T19:43:28.517+0000] {override.py:1912} INFO - Created Permission View: can create on DAG Run:example_dag
[2025-04-02T19:43:28.522+0000] {logging_mixin.py:190} INFO - [2025-04-02T19:43:28.522+0000] {override.py:1912} INFO - Created Permission View: menu access on DAG Run:example_dag
[2025-04-02T19:43:28.522+0000] {logging_mixin.py:190} INFO - [2025-04-02T19:43:28.522+0000] {dag.py:3239} INFO - Sync 1 DAGs
[2025-04-02T19:43:28.531+0000] {logging_mixin.py:190} INFO - [2025-04-02T19:43:28.531+0000] {dag.py:3262} INFO - Creating ORM DAG for example_dag
[2025-04-02T19:43:28.539+0000] {logging_mixin.py:190} INFO - [2025-04-02T19:43:28.539+0000] {dag.py:4180} INFO - Setting next_dagrun for example_dag to 2025-04-02 00:00:00+00:00, run_after=2025-04-03 00:00:00+00:00
[2025-04-02T19:43:28.552+0000] {processor.py:208} INFO - Processing /opt/airflow/dags/etl.py took 0.160 seconds
[2025-04-02T19:43:58.703+0000] {processor.py:186} INFO - Started process (PID=182) to work on /opt/airflow/dags/etl.py
[2025-04-02T19:43:58.703+0000] {processor.py:914} INFO - Processing file /opt/airflow/dags/etl.py for tasks to queue
[2025-04-02T19:43:58.705+0000] {logging_mixin.py:190} INFO - [2025-04-02T19:43:58.705+0000] {dagbag.py:588} INFO - Filling up the DagBag from /opt/airflow/dags/etl.py
[2025-04-02T19:43:58.717+0000] {processor.py:925} INFO - DAG(s) 'example_dag' retrieved from /opt/airflow/dags/etl.py
[2025-04-02T19:43:58.734+0000] {logging_mixin.py:190} INFO - [2025-04-02T19:43:58.734+0000] {dag.py:3239} INFO - Sync 1 DAGs
[2025-04-02T19:43:58.750+0000] {logging_mixin.py:190} INFO - [2025-04-02T19:43:58.750+0000] {dag.py:4180} INFO - Setting next_dagrun for example_dag to 2025-04-02 00:00:00+00:00, run_after=2025-04-03 00:00:00+00:00
[2025-04-02T19:43:58.764+0000] {processor.py:208} INFO - Processing /opt/airflow/dags/etl.py took 0.065 seconds
[2025-04-02T19:44:17.818+0000] {processor.py:186} INFO - Started process (PID=187) to work on /opt/airflow/dags/etl.py
[2025-04-02T19:44:17.819+0000] {processor.py:914} INFO - Processing file /opt/airflow/dags/etl.py for tasks to queue
[2025-04-02T19:44:17.820+0000] {logging_mixin.py:190} INFO - [2025-04-02T19:44:17.820+0000] {dagbag.py:588} INFO - Filling up the DagBag from /opt/airflow/dags/etl.py
[2025-04-02T19:44:17.831+0000] {processor.py:925} INFO - DAG(s) 'empty_operator_example' retrieved from /opt/airflow/dags/etl.py
[2025-04-02T19:44:17.913+0000] {logging_mixin.py:190} INFO - [2025-04-02T19:44:17.912+0000] {override.py:1912} INFO - Created Permission View: can edit on DAG:empty_operator_example
[2025-04-02T19:44:17.920+0000] {logging_mixin.py:190} INFO - [2025-04-02T19:44:17.919+0000] {override.py:1912} INFO - Created Permission View: can read on DAG:empty_operator_example
[2025-04-02T19:44:17.924+0000] {logging_mixin.py:190} INFO - [2025-04-02T19:44:17.924+0000] {override.py:1912} INFO - Created Permission View: can delete on DAG:empty_operator_example
[2025-04-02T19:44:17.930+0000] {logging_mixin.py:190} INFO - [2025-04-02T19:44:17.930+0000] {override.py:1912} INFO - Created Permission View: can delete on DAG Run:empty_operator_example
[2025-04-02T19:44:17.935+0000] {logging_mixin.py:190} INFO - [2025-04-02T19:44:17.934+0000] {override.py:1912} INFO - Created Permission View: can read on DAG Run:empty_operator_example
[2025-04-02T19:44:17.939+0000] {logging_mixin.py:190} INFO - [2025-04-02T19:44:17.939+0000] {override.py:1912} INFO - Created Permission View: can create on DAG Run:empty_operator_example
[2025-04-02T19:44:17.944+0000] {logging_mixin.py:190} INFO - [2025-04-02T19:44:17.944+0000] {override.py:1912} INFO - Created Permission View: menu access on DAG Run:empty_operator_example
[2025-04-02T19:44:17.944+0000] {logging_mixin.py:190} INFO - [2025-04-02T19:44:17.944+0000] {dag.py:3239} INFO - Sync 1 DAGs
[2025-04-02T19:44:17.954+0000] {logging_mixin.py:190} INFO - [2025-04-02T19:44:17.953+0000] {dag.py:3262} INFO - Creating ORM DAG for empty_operator_example
[2025-04-02T19:44:17.961+0000] {logging_mixin.py:190} INFO - [2025-04-02T19:44:17.961+0000] {dag.py:4180} INFO - Setting next_dagrun for empty_operator_example to 2025-04-02 00:00:00+00:00, run_after=2025-04-03 00:00:00+00:00
[2025-04-02T19:44:17.975+0000] {processor.py:208} INFO - Processing /opt/airflow/dags/etl.py took 0.161 seconds
[2025-04-02T19:44:32.955+0000] {processor.py:186} INFO - Started process (PID=192) to work on /opt/airflow/dags/etl.py
[2025-04-02T19:44:32.956+0000] {processor.py:914} INFO - Processing file /opt/airflow/dags/etl.py for tasks to queue
[2025-04-02T19:44:32.957+0000] {logging_mixin.py:190} INFO - [2025-04-02T19:44:32.957+0000] {dagbag.py:588} INFO - Filling up the DagBag from /opt/airflow/dags/etl.py
[2025-04-02T19:44:32.969+0000] {processor.py:925} INFO - DAG(s) 'empty_operator_example' retrieved from /opt/airflow/dags/etl.py
[2025-04-02T19:44:32.977+0000] {logging_mixin.py:190} INFO - [2025-04-02T19:44:32.977+0000] {dag.py:3239} INFO - Sync 1 DAGs
[2025-04-02T19:44:32.998+0000] {logging_mixin.py:190} INFO - [2025-04-02T19:44:32.997+0000] {dag.py:4180} INFO - Setting next_dagrun for empty_operator_example to 2025-04-02 00:00:00+00:00, run_after=2025-04-03 00:00:00+00:00
[2025-04-02T19:44:33.015+0000] {processor.py:208} INFO - Processing /opt/airflow/dags/etl.py took 0.063 seconds
[2025-04-02T19:45:03.109+0000] {processor.py:186} INFO - Started process (PID=197) to work on /opt/airflow/dags/etl.py
[2025-04-02T19:45:03.110+0000] {processor.py:914} INFO - Processing file /opt/airflow/dags/etl.py for tasks to queue
[2025-04-02T19:45:03.110+0000] {logging_mixin.py:190} INFO - [2025-04-02T19:45:03.110+0000] {dagbag.py:588} INFO - Filling up the DagBag from /opt/airflow/dags/etl.py
[2025-04-02T19:45:03.124+0000] {processor.py:925} INFO - DAG(s) 'empty_operator_example' retrieved from /opt/airflow/dags/etl.py
[2025-04-02T19:45:03.144+0000] {logging_mixin.py:190} INFO - [2025-04-02T19:45:03.143+0000] {dag.py:3239} INFO - Sync 1 DAGs
[2025-04-02T19:45:03.162+0000] {logging_mixin.py:190} INFO - [2025-04-02T19:45:03.162+0000] {dag.py:4180} INFO - Setting next_dagrun for empty_operator_example to 2025-04-02 00:00:00+00:00, run_after=2025-04-03 00:00:00+00:00
[2025-04-02T19:45:03.176+0000] {processor.py:208} INFO - Processing /opt/airflow/dags/etl.py took 0.072 seconds
[2025-04-02T19:45:33.313+0000] {processor.py:186} INFO - Started process (PID=202) to work on /opt/airflow/dags/etl.py
[2025-04-02T19:45:33.314+0000] {processor.py:914} INFO - Processing file /opt/airflow/dags/etl.py for tasks to queue
[2025-04-02T19:45:33.315+0000] {logging_mixin.py:190} INFO - [2025-04-02T19:45:33.314+0000] {dagbag.py:588} INFO - Filling up the DagBag from /opt/airflow/dags/etl.py
[2025-04-02T19:45:33.333+0000] {processor.py:925} INFO - DAG(s) 'empty_operator_example' retrieved from /opt/airflow/dags/etl.py
[2025-04-02T19:45:33.352+0000] {logging_mixin.py:190} INFO - [2025-04-02T19:45:33.352+0000] {dag.py:3239} INFO - Sync 1 DAGs
[2025-04-02T19:45:33.370+0000] {logging_mixin.py:190} INFO - [2025-04-02T19:45:33.370+0000] {dag.py:4180} INFO - Setting next_dagrun for empty_operator_example to 2025-04-02 00:00:00+00:00, run_after=2025-04-03 00:00:00+00:00
[2025-04-02T19:45:33.383+0000] {processor.py:208} INFO - Processing /opt/airflow/dags/etl.py took 0.074 seconds
[2025-04-02T19:46:03.469+0000] {processor.py:186} INFO - Started process (PID=207) to work on /opt/airflow/dags/etl.py
[2025-04-02T19:46:03.470+0000] {processor.py:914} INFO - Processing file /opt/airflow/dags/etl.py for tasks to queue
[2025-04-02T19:46:03.471+0000] {logging_mixin.py:190} INFO - [2025-04-02T19:46:03.471+0000] {dagbag.py:588} INFO - Filling up the DagBag from /opt/airflow/dags/etl.py
[2025-04-02T19:46:03.483+0000] {processor.py:925} INFO - DAG(s) 'empty_operator_example' retrieved from /opt/airflow/dags/etl.py
[2025-04-02T19:46:03.501+0000] {logging_mixin.py:190} INFO - [2025-04-02T19:46:03.501+0000] {dag.py:3239} INFO - Sync 1 DAGs
[2025-04-02T19:46:03.519+0000] {logging_mixin.py:190} INFO - [2025-04-02T19:46:03.519+0000] {dag.py:4180} INFO - Setting next_dagrun for empty_operator_example to 2025-04-02 00:00:00+00:00, run_after=2025-04-03 00:00:00+00:00
[2025-04-02T19:46:03.532+0000] {processor.py:208} INFO - Processing /opt/airflow/dags/etl.py took 0.066 seconds
[2025-04-02T19:46:33.681+0000] {processor.py:186} INFO - Started process (PID=212) to work on /opt/airflow/dags/etl.py
[2025-04-02T19:46:33.682+0000] {processor.py:914} INFO - Processing file /opt/airflow/dags/etl.py for tasks to queue
[2025-04-02T19:46:33.683+0000] {logging_mixin.py:190} INFO - [2025-04-02T19:46:33.683+0000] {dagbag.py:588} INFO - Filling up the DagBag from /opt/airflow/dags/etl.py
[2025-04-02T19:46:33.695+0000] {processor.py:925} INFO - DAG(s) 'empty_operator_example' retrieved from /opt/airflow/dags/etl.py
[2025-04-02T19:46:33.713+0000] {logging_mixin.py:190} INFO - [2025-04-02T19:46:33.713+0000] {dag.py:3239} INFO - Sync 1 DAGs
[2025-04-02T19:46:33.732+0000] {logging_mixin.py:190} INFO - [2025-04-02T19:46:33.731+0000] {dag.py:4180} INFO - Setting next_dagrun for empty_operator_example to 2025-04-02 00:00:00+00:00, run_after=2025-04-03 00:00:00+00:00
[2025-04-02T19:46:33.745+0000] {processor.py:208} INFO - Processing /opt/airflow/dags/etl.py took 0.067 seconds
[2025-04-02T19:47:03.835+0000] {processor.py:186} INFO - Started process (PID=217) to work on /opt/airflow/dags/etl.py
[2025-04-02T19:47:03.836+0000] {processor.py:914} INFO - Processing file /opt/airflow/dags/etl.py for tasks to queue
[2025-04-02T19:47:03.837+0000] {logging_mixin.py:190} INFO - [2025-04-02T19:47:03.837+0000] {dagbag.py:588} INFO - Filling up the DagBag from /opt/airflow/dags/etl.py
[2025-04-02T19:47:03.851+0000] {processor.py:925} INFO - DAG(s) 'empty_operator_example' retrieved from /opt/airflow/dags/etl.py
[2025-04-02T19:47:03.871+0000] {logging_mixin.py:190} INFO - [2025-04-02T19:47:03.871+0000] {dag.py:3239} INFO - Sync 1 DAGs
[2025-04-02T19:47:03.892+0000] {logging_mixin.py:190} INFO - [2025-04-02T19:47:03.891+0000] {dag.py:4180} INFO - Setting next_dagrun for empty_operator_example to 2025-04-02 00:00:00+00:00, run_after=2025-04-03 00:00:00+00:00
[2025-04-02T19:47:03.907+0000] {processor.py:208} INFO - Processing /opt/airflow/dags/etl.py took 0.076 seconds
[2025-04-02T19:47:04.900+0000] {processor.py:186} INFO - Started process (PID=222) to work on /opt/airflow/dags/etl.py
[2025-04-02T19:47:04.901+0000] {processor.py:914} INFO - Processing file /opt/airflow/dags/etl.py for tasks to queue
[2025-04-02T19:47:04.902+0000] {logging_mixin.py:190} INFO - [2025-04-02T19:47:04.902+0000] {dagbag.py:588} INFO - Filling up the DagBag from /opt/airflow/dags/etl.py
[2025-04-02T19:47:05.265+0000] {processor.py:925} INFO - DAG(s) 'etl_pipeline' retrieved from /opt/airflow/dags/etl.py
[2025-04-02T19:47:05.354+0000] {logging_mixin.py:190} INFO - [2025-04-02T19:47:05.353+0000] {dag.py:3239} INFO - Sync 1 DAGs
[2025-04-02T19:47:05.370+0000] {logging_mixin.py:190} INFO - [2025-04-02T19:47:05.369+0000] {dag.py:4180} INFO - Setting next_dagrun for etl_pipeline to 2025-04-01 00:00:00+00:00, run_after=2025-04-02 00:00:00+00:00
[2025-04-02T19:47:05.395+0000] {processor.py:208} INFO - Processing /opt/airflow/dags/etl.py took 0.499 seconds
[2025-04-02T19:47:35.571+0000] {processor.py:186} INFO - Started process (PID=236) to work on /opt/airflow/dags/etl.py
[2025-04-02T19:47:35.572+0000] {processor.py:914} INFO - Processing file /opt/airflow/dags/etl.py for tasks to queue
[2025-04-02T19:47:35.573+0000] {logging_mixin.py:190} INFO - [2025-04-02T19:47:35.572+0000] {dagbag.py:588} INFO - Filling up the DagBag from /opt/airflow/dags/etl.py
[2025-04-02T19:47:35.901+0000] {processor.py:925} INFO - DAG(s) 'etl_pipeline' retrieved from /opt/airflow/dags/etl.py
[2025-04-02T19:47:35.915+0000] {logging_mixin.py:190} INFO - [2025-04-02T19:47:35.915+0000] {dag.py:3239} INFO - Sync 1 DAGs
[2025-04-02T19:47:35.930+0000] {logging_mixin.py:190} INFO - [2025-04-02T19:47:35.930+0000] {dag.py:4180} INFO - Setting next_dagrun for etl_pipeline to 2025-04-02 00:00:00+00:00, run_after=2025-04-03 00:00:00+00:00
[2025-04-02T19:47:35.942+0000] {processor.py:208} INFO - Processing /opt/airflow/dags/etl.py took 0.375 seconds
[2025-04-02T19:47:44.627+0000] {processor.py:186} INFO - Started process (PID=242) to work on /opt/airflow/dags/etl.py
[2025-04-02T19:47:44.628+0000] {processor.py:914} INFO - Processing file /opt/airflow/dags/etl.py for tasks to queue
[2025-04-02T19:47:44.629+0000] {logging_mixin.py:190} INFO - [2025-04-02T19:47:44.629+0000] {dagbag.py:588} INFO - Filling up the DagBag from /opt/airflow/dags/etl.py
[2025-04-02T19:47:44.956+0000] {processor.py:925} INFO - DAG(s) 'etl_pipeline' retrieved from /opt/airflow/dags/etl.py
[2025-04-02T19:47:45.025+0000] {logging_mixin.py:190} INFO - [2025-04-02T19:47:45.025+0000] {dag.py:3239} INFO - Sync 1 DAGs
[2025-04-02T19:47:45.040+0000] {logging_mixin.py:190} INFO - [2025-04-02T19:47:45.040+0000] {dag.py:4180} INFO - Setting next_dagrun for etl_pipeline to 2025-05-16 00:00:00+00:00, run_after=2025-05-17 00:00:00+00:00
[2025-04-02T19:47:45.057+0000] {processor.py:208} INFO - Processing /opt/airflow/dags/etl.py took 0.433 seconds
[2025-04-02T19:47:50.052+0000] {processor.py:186} INFO - Started process (PID=248) to work on /opt/airflow/dags/etl.py
[2025-04-02T19:47:50.052+0000] {processor.py:914} INFO - Processing file /opt/airflow/dags/etl.py for tasks to queue
[2025-04-02T19:47:50.053+0000] {logging_mixin.py:190} INFO - [2025-04-02T19:47:50.053+0000] {dagbag.py:588} INFO - Filling up the DagBag from /opt/airflow/dags/etl.py
[2025-04-02T19:47:50.400+0000] {processor.py:925} INFO - DAG(s) 'etl_pipeline' retrieved from /opt/airflow/dags/etl.py
[2025-04-02T19:47:50.408+0000] {logging_mixin.py:190} INFO - [2025-04-02T19:47:50.408+0000] {dag.py:3239} INFO - Sync 1 DAGs
[2025-04-02T19:47:50.423+0000] {logging_mixin.py:190} INFO - [2025-04-02T19:47:50.422+0000] {dag.py:4180} INFO - Setting next_dagrun for etl_pipeline to 2025-05-16 00:00:00+00:00, run_after=2025-05-17 00:00:00+00:00
[2025-04-02T19:47:50.439+0000] {processor.py:208} INFO - Processing /opt/airflow/dags/etl.py took 0.391 seconds
[2025-04-02T19:48:20.611+0000] {processor.py:186} INFO - Started process (PID=254) to work on /opt/airflow/dags/etl.py
[2025-04-02T19:48:20.611+0000] {processor.py:914} INFO - Processing file /opt/airflow/dags/etl.py for tasks to queue
[2025-04-02T19:48:20.612+0000] {logging_mixin.py:190} INFO - [2025-04-02T19:48:20.612+0000] {dagbag.py:588} INFO - Filling up the DagBag from /opt/airflow/dags/etl.py
[2025-04-02T19:48:20.940+0000] {processor.py:925} INFO - DAG(s) 'etl_pipeline' retrieved from /opt/airflow/dags/etl.py
[2025-04-02T19:48:20.954+0000] {logging_mixin.py:190} INFO - [2025-04-02T19:48:20.954+0000] {dag.py:3239} INFO - Sync 1 DAGs
[2025-04-02T19:48:20.969+0000] {logging_mixin.py:190} INFO - [2025-04-02T19:48:20.969+0000] {dag.py:4180} INFO - Setting next_dagrun for etl_pipeline to 2025-05-16 00:00:00+00:00, run_after=2025-05-17 00:00:00+00:00
[2025-04-02T19:48:20.981+0000] {processor.py:208} INFO - Processing /opt/airflow/dags/etl.py took 0.374 seconds
[2025-04-02T19:48:51.143+0000] {processor.py:186} INFO - Started process (PID=260) to work on /opt/airflow/dags/etl.py
[2025-04-02T19:48:51.144+0000] {processor.py:914} INFO - Processing file /opt/airflow/dags/etl.py for tasks to queue
[2025-04-02T19:48:51.145+0000] {logging_mixin.py:190} INFO - [2025-04-02T19:48:51.145+0000] {dagbag.py:588} INFO - Filling up the DagBag from /opt/airflow/dags/etl.py
[2025-04-02T19:48:51.593+0000] {processor.py:925} INFO - DAG(s) 'etl_pipeline' retrieved from /opt/airflow/dags/etl.py
[2025-04-02T19:48:51.615+0000] {logging_mixin.py:190} INFO - [2025-04-02T19:48:51.614+0000] {dag.py:3239} INFO - Sync 1 DAGs
[2025-04-02T19:48:51.629+0000] {logging_mixin.py:190} INFO - [2025-04-02T19:48:51.629+0000] {dag.py:4180} INFO - Setting next_dagrun for etl_pipeline to 2025-05-16 00:00:00+00:00, run_after=2025-05-17 00:00:00+00:00
[2025-04-02T19:48:51.641+0000] {processor.py:208} INFO - Processing /opt/airflow/dags/etl.py took 0.503 seconds
[2025-04-02T19:49:19.812+0000] {processor.py:186} INFO - Started process (PID=266) to work on /opt/airflow/dags/etl.py
[2025-04-02T19:49:19.813+0000] {processor.py:914} INFO - Processing file /opt/airflow/dags/etl.py for tasks to queue
[2025-04-02T19:49:19.813+0000] {logging_mixin.py:190} INFO - [2025-04-02T19:49:19.813+0000] {dagbag.py:588} INFO - Filling up the DagBag from /opt/airflow/dags/etl.py
[2025-04-02T19:49:20.141+0000] {processor.py:925} INFO - DAG(s) 'etl_pipeline' retrieved from /opt/airflow/dags/etl.py
[2025-04-02T19:49:20.155+0000] {logging_mixin.py:190} INFO - [2025-04-02T19:49:20.155+0000] {dag.py:3239} INFO - Sync 1 DAGs
[2025-04-02T19:49:20.169+0000] {logging_mixin.py:190} INFO - [2025-04-02T19:49:20.169+0000] {dag.py:4180} INFO - Setting next_dagrun for etl_pipeline to 2025-05-16 00:00:00+00:00, run_after=2025-05-17 00:00:00+00:00
[2025-04-02T19:49:20.184+0000] {processor.py:208} INFO - Processing /opt/airflow/dags/etl.py took 0.376 seconds
[2025-04-02T19:49:50.351+0000] {processor.py:186} INFO - Started process (PID=272) to work on /opt/airflow/dags/etl.py
[2025-04-02T19:49:50.352+0000] {processor.py:914} INFO - Processing file /opt/airflow/dags/etl.py for tasks to queue
[2025-04-02T19:49:50.353+0000] {logging_mixin.py:190} INFO - [2025-04-02T19:49:50.353+0000] {dagbag.py:588} INFO - Filling up the DagBag from /opt/airflow/dags/etl.py
[2025-04-02T19:49:50.699+0000] {processor.py:925} INFO - DAG(s) 'etl_pipeline' retrieved from /opt/airflow/dags/etl.py
[2025-04-02T19:49:50.718+0000] {logging_mixin.py:190} INFO - [2025-04-02T19:49:50.718+0000] {dag.py:3239} INFO - Sync 1 DAGs
[2025-04-02T19:49:50.735+0000] {logging_mixin.py:190} INFO - [2025-04-02T19:49:50.735+0000] {dag.py:4180} INFO - Setting next_dagrun for etl_pipeline to 2025-05-16 00:00:00+00:00, run_after=2025-05-17 00:00:00+00:00
[2025-04-02T19:49:50.748+0000] {processor.py:208} INFO - Processing /opt/airflow/dags/etl.py took 0.401 seconds
[2025-04-02T19:49:53.381+0000] {processor.py:186} INFO - Started process (PID=278) to work on /opt/airflow/dags/etl.py
[2025-04-02T19:49:53.382+0000] {processor.py:914} INFO - Processing file /opt/airflow/dags/etl.py for tasks to queue
[2025-04-02T19:49:53.383+0000] {logging_mixin.py:190} INFO - [2025-04-02T19:49:53.383+0000] {dagbag.py:588} INFO - Filling up the DagBag from /opt/airflow/dags/etl.py
[2025-04-02T19:49:53.722+0000] {processor.py:925} INFO - DAG(s) 'etl_pipeline' retrieved from /opt/airflow/dags/etl.py
[2025-04-02T19:49:53.737+0000] {logging_mixin.py:190} INFO - [2025-04-02T19:49:53.737+0000] {dag.py:3239} INFO - Sync 1 DAGs
[2025-04-02T19:49:53.751+0000] {logging_mixin.py:190} INFO - [2025-04-02T19:49:53.751+0000] {dag.py:4180} INFO - Setting next_dagrun for etl_pipeline to 2025-05-16 00:00:00+00:00, run_after=2025-05-17 00:00:00+00:00
[2025-04-02T19:49:53.765+0000] {processor.py:208} INFO - Processing /opt/airflow/dags/etl.py took 0.387 seconds
[2025-04-02T19:50:10.479+0000] {processor.py:186} INFO - Started process (PID=284) to work on /opt/airflow/dags/etl.py
[2025-04-02T19:50:10.480+0000] {processor.py:914} INFO - Processing file /opt/airflow/dags/etl.py for tasks to queue
[2025-04-02T19:50:10.481+0000] {logging_mixin.py:190} INFO - [2025-04-02T19:50:10.480+0000] {dagbag.py:588} INFO - Filling up the DagBag from /opt/airflow/dags/etl.py
[2025-04-02T19:50:10.824+0000] {processor.py:925} INFO - DAG(s) 'etl_pipeline' retrieved from /opt/airflow/dags/etl.py
[2025-04-02T19:50:10.839+0000] {logging_mixin.py:190} INFO - [2025-04-02T19:50:10.839+0000] {dag.py:3239} INFO - Sync 1 DAGs
[2025-04-02T19:50:10.853+0000] {logging_mixin.py:190} INFO - [2025-04-02T19:50:10.853+0000] {dag.py:4180} INFO - Setting next_dagrun for etl_pipeline to 2025-05-16 00:00:00+00:00, run_after=2025-05-17 00:00:00+00:00
[2025-04-02T19:50:10.881+0000] {processor.py:208} INFO - Processing /opt/airflow/dags/etl.py took 0.406 seconds
[2025-04-02T19:50:41.015+0000] {processor.py:186} INFO - Started process (PID=290) to work on /opt/airflow/dags/etl.py
[2025-04-02T19:50:41.016+0000] {processor.py:914} INFO - Processing file /opt/airflow/dags/etl.py for tasks to queue
[2025-04-02T19:50:41.016+0000] {logging_mixin.py:190} INFO - [2025-04-02T19:50:41.016+0000] {dagbag.py:588} INFO - Filling up the DagBag from /opt/airflow/dags/etl.py
[2025-04-02T19:50:41.387+0000] {processor.py:925} INFO - DAG(s) 'etl_pipeline' retrieved from /opt/airflow/dags/etl.py
[2025-04-02T19:50:41.403+0000] {logging_mixin.py:190} INFO - [2025-04-02T19:50:41.403+0000] {dag.py:3239} INFO - Sync 1 DAGs
[2025-04-02T19:50:41.424+0000] {logging_mixin.py:190} INFO - [2025-04-02T19:50:41.423+0000] {dag.py:3262} INFO - Creating ORM DAG for etl_pipeline
[2025-04-02T19:50:41.435+0000] {logging_mixin.py:190} INFO - [2025-04-02T19:50:41.435+0000] {dag.py:4180} INFO - Setting next_dagrun for etl_pipeline to 2025-05-16 00:00:00+00:00, run_after=2025-05-17 00:00:00+00:00
[2025-04-02T19:50:41.447+0000] {processor.py:208} INFO - Processing /opt/airflow/dags/etl.py took 0.436 seconds
[2025-04-02T19:51:11.627+0000] {processor.py:186} INFO - Started process (PID=296) to work on /opt/airflow/dags/etl.py
[2025-04-02T19:51:11.628+0000] {processor.py:914} INFO - Processing file /opt/airflow/dags/etl.py for tasks to queue
[2025-04-02T19:51:11.629+0000] {logging_mixin.py:190} INFO - [2025-04-02T19:51:11.628+0000] {dagbag.py:588} INFO - Filling up the DagBag from /opt/airflow/dags/etl.py
[2025-04-02T19:51:11.943+0000] {processor.py:925} INFO - DAG(s) 'etl_pipeline' retrieved from /opt/airflow/dags/etl.py
[2025-04-02T19:51:12.033+0000] {logging_mixin.py:190} INFO - [2025-04-02T19:51:12.033+0000] {dag.py:3239} INFO - Sync 1 DAGs
[2025-04-02T19:51:12.046+0000] {logging_mixin.py:190} INFO - [2025-04-02T19:51:12.046+0000] {dag.py:4180} INFO - Setting next_dagrun for etl_pipeline to 2025-05-16 00:00:00+00:00, run_after=2025-05-17 00:00:00+00:00
[2025-04-02T19:51:12.061+0000] {processor.py:208} INFO - Processing /opt/airflow/dags/etl.py took 0.438 seconds
[2025-04-02T19:51:42.234+0000] {processor.py:186} INFO - Started process (PID=302) to work on /opt/airflow/dags/etl.py
[2025-04-02T19:51:42.234+0000] {processor.py:914} INFO - Processing file /opt/airflow/dags/etl.py for tasks to queue
[2025-04-02T19:51:42.235+0000] {logging_mixin.py:190} INFO - [2025-04-02T19:51:42.235+0000] {dagbag.py:588} INFO - Filling up the DagBag from /opt/airflow/dags/etl.py
[2025-04-02T19:51:42.581+0000] {processor.py:925} INFO - DAG(s) 'etl_pipeline' retrieved from /opt/airflow/dags/etl.py
[2025-04-02T19:51:42.598+0000] {logging_mixin.py:190} INFO - [2025-04-02T19:51:42.597+0000] {dag.py:3239} INFO - Sync 1 DAGs
[2025-04-02T19:51:42.612+0000] {logging_mixin.py:190} INFO - [2025-04-02T19:51:42.612+0000] {dag.py:4180} INFO - Setting next_dagrun for etl_pipeline to 2025-05-16 00:00:00+00:00, run_after=2025-05-17 00:00:00+00:00
[2025-04-02T19:51:42.623+0000] {processor.py:208} INFO - Processing /opt/airflow/dags/etl.py took 0.393 seconds
[2025-04-02T19:52:12.791+0000] {processor.py:186} INFO - Started process (PID=308) to work on /opt/airflow/dags/etl.py
[2025-04-02T19:52:12.792+0000] {processor.py:914} INFO - Processing file /opt/airflow/dags/etl.py for tasks to queue
[2025-04-02T19:52:12.793+0000] {logging_mixin.py:190} INFO - [2025-04-02T19:52:12.793+0000] {dagbag.py:588} INFO - Filling up the DagBag from /opt/airflow/dags/etl.py
[2025-04-02T19:52:13.148+0000] {processor.py:925} INFO - DAG(s) 'etl_pipeline' retrieved from /opt/airflow/dags/etl.py
[2025-04-02T19:52:13.165+0000] {logging_mixin.py:190} INFO - [2025-04-02T19:52:13.165+0000] {dag.py:3239} INFO - Sync 1 DAGs
[2025-04-02T19:52:13.179+0000] {logging_mixin.py:190} INFO - [2025-04-02T19:52:13.179+0000] {dag.py:4180} INFO - Setting next_dagrun for etl_pipeline to 2025-05-16 00:00:00+00:00, run_after=2025-05-17 00:00:00+00:00
[2025-04-02T19:52:13.191+0000] {processor.py:208} INFO - Processing /opt/airflow/dags/etl.py took 0.404 seconds
[2025-04-02T19:52:43.358+0000] {processor.py:186} INFO - Started process (PID=314) to work on /opt/airflow/dags/etl.py
[2025-04-02T19:52:43.358+0000] {processor.py:914} INFO - Processing file /opt/airflow/dags/etl.py for tasks to queue
[2025-04-02T19:52:43.360+0000] {logging_mixin.py:190} INFO - [2025-04-02T19:52:43.359+0000] {dagbag.py:588} INFO - Filling up the DagBag from /opt/airflow/dags/etl.py
[2025-04-02T19:52:43.703+0000] {processor.py:925} INFO - DAG(s) 'etl_pipeline' retrieved from /opt/airflow/dags/etl.py
[2025-04-02T19:52:43.718+0000] {logging_mixin.py:190} INFO - [2025-04-02T19:52:43.718+0000] {dag.py:3239} INFO - Sync 1 DAGs
[2025-04-02T19:52:43.732+0000] {logging_mixin.py:190} INFO - [2025-04-02T19:52:43.732+0000] {dag.py:4180} INFO - Setting next_dagrun for etl_pipeline to 2025-05-16 00:00:00+00:00, run_after=2025-05-17 00:00:00+00:00
[2025-04-02T19:52:43.745+0000] {processor.py:208} INFO - Processing /opt/airflow/dags/etl.py took 0.392 seconds
[2025-04-02T19:53:13.907+0000] {processor.py:186} INFO - Started process (PID=320) to work on /opt/airflow/dags/etl.py
[2025-04-02T19:53:13.908+0000] {processor.py:914} INFO - Processing file /opt/airflow/dags/etl.py for tasks to queue
[2025-04-02T19:53:13.909+0000] {logging_mixin.py:190} INFO - [2025-04-02T19:53:13.909+0000] {dagbag.py:588} INFO - Filling up the DagBag from /opt/airflow/dags/etl.py
[2025-04-02T19:53:14.257+0000] {processor.py:925} INFO - DAG(s) 'etl_pipeline' retrieved from /opt/airflow/dags/etl.py
[2025-04-02T19:53:14.272+0000] {logging_mixin.py:190} INFO - [2025-04-02T19:53:14.272+0000] {dag.py:3239} INFO - Sync 1 DAGs
[2025-04-02T19:53:14.291+0000] {logging_mixin.py:190} INFO - [2025-04-02T19:53:14.290+0000] {dag.py:4180} INFO - Setting next_dagrun for etl_pipeline to 2025-05-16 00:00:00+00:00, run_after=2025-05-17 00:00:00+00:00
[2025-04-02T19:53:14.309+0000] {processor.py:208} INFO - Processing /opt/airflow/dags/etl.py took 0.406 seconds
[2025-04-02T19:53:44.469+0000] {processor.py:186} INFO - Started process (PID=326) to work on /opt/airflow/dags/etl.py
[2025-04-02T19:53:44.470+0000] {processor.py:914} INFO - Processing file /opt/airflow/dags/etl.py for tasks to queue
[2025-04-02T19:53:44.471+0000] {logging_mixin.py:190} INFO - [2025-04-02T19:53:44.471+0000] {dagbag.py:588} INFO - Filling up the DagBag from /opt/airflow/dags/etl.py
[2025-04-02T19:53:44.830+0000] {processor.py:925} INFO - DAG(s) 'etl_pipeline' retrieved from /opt/airflow/dags/etl.py
[2025-04-02T19:53:44.846+0000] {logging_mixin.py:190} INFO - [2025-04-02T19:53:44.845+0000] {dag.py:3239} INFO - Sync 1 DAGs
[2025-04-02T19:53:44.861+0000] {logging_mixin.py:190} INFO - [2025-04-02T19:53:44.861+0000] {dag.py:4180} INFO - Setting next_dagrun for etl_pipeline to 2025-05-16 00:00:00+00:00, run_after=2025-05-17 00:00:00+00:00
[2025-04-02T19:53:44.874+0000] {processor.py:208} INFO - Processing /opt/airflow/dags/etl.py took 0.409 seconds
[2025-04-02T19:54:15.038+0000] {processor.py:186} INFO - Started process (PID=332) to work on /opt/airflow/dags/etl.py
[2025-04-02T19:54:15.039+0000] {processor.py:914} INFO - Processing file /opt/airflow/dags/etl.py for tasks to queue
[2025-04-02T19:54:15.040+0000] {logging_mixin.py:190} INFO - [2025-04-02T19:54:15.040+0000] {dagbag.py:588} INFO - Filling up the DagBag from /opt/airflow/dags/etl.py
[2025-04-02T19:54:15.380+0000] {processor.py:925} INFO - DAG(s) 'etl_pipeline' retrieved from /opt/airflow/dags/etl.py
[2025-04-02T19:54:15.399+0000] {logging_mixin.py:190} INFO - [2025-04-02T19:54:15.398+0000] {dag.py:3239} INFO - Sync 1 DAGs
[2025-04-02T19:54:15.416+0000] {logging_mixin.py:190} INFO - [2025-04-02T19:54:15.415+0000] {dag.py:4180} INFO - Setting next_dagrun for etl_pipeline to 2025-05-16 00:00:00+00:00, run_after=2025-05-17 00:00:00+00:00
[2025-04-02T19:54:15.429+0000] {processor.py:208} INFO - Processing /opt/airflow/dags/etl.py took 0.394 seconds
[2025-04-02T19:54:45.194+0000] {processor.py:186} INFO - Started process (PID=338) to work on /opt/airflow/dags/etl.py
[2025-04-02T19:54:45.195+0000] {processor.py:914} INFO - Processing file /opt/airflow/dags/etl.py for tasks to queue
[2025-04-02T19:54:45.196+0000] {logging_mixin.py:190} INFO - [2025-04-02T19:54:45.195+0000] {dagbag.py:588} INFO - Filling up the DagBag from /opt/airflow/dags/etl.py
[2025-04-02T19:54:45.573+0000] {processor.py:925} INFO - DAG(s) 'etl_sales_pipeline' retrieved from /opt/airflow/dags/etl.py
[2025-04-02T19:54:45.650+0000] {logging_mixin.py:190} INFO - [2025-04-02T19:54:45.649+0000] {override.py:1912} INFO - Created Permission View: can edit on DAG:etl_sales_pipeline
[2025-04-02T19:54:45.657+0000] {logging_mixin.py:190} INFO - [2025-04-02T19:54:45.656+0000] {override.py:1912} INFO - Created Permission View: can read on DAG:etl_sales_pipeline
[2025-04-02T19:54:45.661+0000] {logging_mixin.py:190} INFO - [2025-04-02T19:54:45.661+0000] {override.py:1912} INFO - Created Permission View: can delete on DAG:etl_sales_pipeline
[2025-04-02T19:54:45.667+0000] {logging_mixin.py:190} INFO - [2025-04-02T19:54:45.667+0000] {override.py:1912} INFO - Created Permission View: can delete on DAG Run:etl_sales_pipeline
[2025-04-02T19:54:45.672+0000] {logging_mixin.py:190} INFO - [2025-04-02T19:54:45.672+0000] {override.py:1912} INFO - Created Permission View: can read on DAG Run:etl_sales_pipeline
[2025-04-02T19:54:45.677+0000] {logging_mixin.py:190} INFO - [2025-04-02T19:54:45.676+0000] {override.py:1912} INFO - Created Permission View: can create on DAG Run:etl_sales_pipeline
[2025-04-02T19:54:45.682+0000] {logging_mixin.py:190} INFO - [2025-04-02T19:54:45.682+0000] {override.py:1912} INFO - Created Permission View: menu access on DAG Run:etl_sales_pipeline
[2025-04-02T19:54:45.683+0000] {logging_mixin.py:190} INFO - [2025-04-02T19:54:45.683+0000] {dag.py:3239} INFO - Sync 1 DAGs
[2025-04-02T19:54:45.691+0000] {logging_mixin.py:190} INFO - [2025-04-02T19:54:45.691+0000] {dag.py:3262} INFO - Creating ORM DAG for etl_sales_pipeline
[2025-04-02T19:54:45.698+0000] {logging_mixin.py:190} INFO - [2025-04-02T19:54:45.698+0000] {dag.py:4180} INFO - Setting next_dagrun for etl_sales_pipeline to 2025-04-01 00:00:00+00:00, run_after=2025-04-02 00:00:00+00:00
[2025-04-02T19:54:45.709+0000] {processor.py:208} INFO - Processing /opt/airflow/dags/etl.py took 0.520 seconds
[2025-04-02T19:55:13.730+0000] {processor.py:186} INFO - Started process (PID=344) to work on /opt/airflow/dags/etl.py
[2025-04-02T19:55:13.730+0000] {processor.py:914} INFO - Processing file /opt/airflow/dags/etl.py for tasks to queue
[2025-04-02T19:55:13.731+0000] {logging_mixin.py:190} INFO - [2025-04-02T19:55:13.731+0000] {dagbag.py:588} INFO - Filling up the DagBag from /opt/airflow/dags/etl.py
[2025-04-02T19:55:14.063+0000] {processor.py:925} INFO - DAG(s) 'etl_sales_pipeline' retrieved from /opt/airflow/dags/etl.py
[2025-04-02T19:55:14.071+0000] {logging_mixin.py:190} INFO - [2025-04-02T19:55:14.070+0000] {dag.py:3239} INFO - Sync 1 DAGs
[2025-04-02T19:55:14.084+0000] {logging_mixin.py:190} INFO - [2025-04-02T19:55:14.084+0000] {dag.py:4180} INFO - Setting next_dagrun for etl_sales_pipeline to 2025-04-01 00:00:00+00:00, run_after=2025-04-02 00:00:00+00:00
[2025-04-02T19:55:14.099+0000] {processor.py:208} INFO - Processing /opt/airflow/dags/etl.py took 0.374 seconds
[2025-04-02T19:55:25.921+0000] {processor.py:186} INFO - Started process (PID=350) to work on /opt/airflow/dags/etl.py
[2025-04-02T19:55:25.922+0000] {processor.py:914} INFO - Processing file /opt/airflow/dags/etl.py for tasks to queue
[2025-04-02T19:55:25.923+0000] {logging_mixin.py:190} INFO - [2025-04-02T19:55:25.922+0000] {dagbag.py:588} INFO - Filling up the DagBag from /opt/airflow/dags/etl.py
[2025-04-02T19:55:26.270+0000] {processor.py:925} INFO - DAG(s) 'etl_sales_pipeline' retrieved from /opt/airflow/dags/etl.py
[2025-04-02T19:55:26.338+0000] {logging_mixin.py:190} INFO - [2025-04-02T19:55:26.337+0000] {dag.py:3239} INFO - Sync 1 DAGs
[2025-04-02T19:55:26.350+0000] {logging_mixin.py:190} INFO - [2025-04-02T19:55:26.350+0000] {dag.py:4180} INFO - Setting next_dagrun for etl_sales_pipeline to 2025-05-05 00:00:00+00:00, run_after=2025-05-06 00:00:00+00:00
[2025-04-02T19:55:26.366+0000] {processor.py:208} INFO - Processing /opt/airflow/dags/etl.py took 0.449 seconds
[2025-04-02T19:55:56.520+0000] {processor.py:186} INFO - Started process (PID=356) to work on /opt/airflow/dags/etl.py
[2025-04-02T19:55:56.521+0000] {processor.py:914} INFO - Processing file /opt/airflow/dags/etl.py for tasks to queue
[2025-04-02T19:55:56.522+0000] {logging_mixin.py:190} INFO - [2025-04-02T19:55:56.522+0000] {dagbag.py:588} INFO - Filling up the DagBag from /opt/airflow/dags/etl.py
[2025-04-02T19:55:56.867+0000] {processor.py:925} INFO - DAG(s) 'etl_sales_pipeline' retrieved from /opt/airflow/dags/etl.py
[2025-04-02T19:55:56.883+0000] {logging_mixin.py:190} INFO - [2025-04-02T19:55:56.883+0000] {dag.py:3239} INFO - Sync 1 DAGs
[2025-04-02T19:55:56.896+0000] {logging_mixin.py:190} INFO - [2025-04-02T19:55:56.896+0000] {dag.py:4180} INFO - Setting next_dagrun for etl_sales_pipeline to 2025-05-05 00:00:00+00:00, run_after=2025-05-06 00:00:00+00:00
[2025-04-02T19:55:56.910+0000] {processor.py:208} INFO - Processing /opt/airflow/dags/etl.py took 0.394 seconds
[2025-04-02T19:56:27.081+0000] {processor.py:186} INFO - Started process (PID=362) to work on /opt/airflow/dags/etl.py
[2025-04-02T19:56:27.081+0000] {processor.py:914} INFO - Processing file /opt/airflow/dags/etl.py for tasks to queue
[2025-04-02T19:56:27.082+0000] {logging_mixin.py:190} INFO - [2025-04-02T19:56:27.082+0000] {dagbag.py:588} INFO - Filling up the DagBag from /opt/airflow/dags/etl.py
[2025-04-02T19:56:27.399+0000] {processor.py:925} INFO - DAG(s) 'etl_sales_pipeline' retrieved from /opt/airflow/dags/etl.py
[2025-04-02T19:56:27.414+0000] {logging_mixin.py:190} INFO - [2025-04-02T19:56:27.414+0000] {dag.py:3239} INFO - Sync 1 DAGs
[2025-04-02T19:56:27.428+0000] {logging_mixin.py:190} INFO - [2025-04-02T19:56:27.428+0000] {dag.py:4180} INFO - Setting next_dagrun for etl_sales_pipeline to 2025-05-05 00:00:00+00:00, run_after=2025-05-06 00:00:00+00:00
[2025-04-02T19:56:27.439+0000] {processor.py:208} INFO - Processing /opt/airflow/dags/etl.py took 0.362 seconds
[2025-04-02T19:56:57.604+0000] {processor.py:186} INFO - Started process (PID=368) to work on /opt/airflow/dags/etl.py
[2025-04-02T19:56:57.604+0000] {processor.py:914} INFO - Processing file /opt/airflow/dags/etl.py for tasks to queue
[2025-04-02T19:56:57.605+0000] {logging_mixin.py:190} INFO - [2025-04-02T19:56:57.605+0000] {dagbag.py:588} INFO - Filling up the DagBag from /opt/airflow/dags/etl.py
[2025-04-02T19:56:58.001+0000] {processor.py:925} INFO - DAG(s) 'etl_sales_pipeline' retrieved from /opt/airflow/dags/etl.py
[2025-04-02T19:56:58.021+0000] {logging_mixin.py:190} INFO - [2025-04-02T19:56:58.020+0000] {dag.py:3239} INFO - Sync 1 DAGs
[2025-04-02T19:56:58.038+0000] {logging_mixin.py:190} INFO - [2025-04-02T19:56:58.037+0000] {dag.py:4180} INFO - Setting next_dagrun for etl_sales_pipeline to 2025-05-05 00:00:00+00:00, run_after=2025-05-06 00:00:00+00:00
[2025-04-02T19:56:58.056+0000] {processor.py:208} INFO - Processing /opt/airflow/dags/etl.py took 0.457 seconds
[2025-04-02T19:57:28.224+0000] {processor.py:186} INFO - Started process (PID=374) to work on /opt/airflow/dags/etl.py
[2025-04-02T19:57:28.225+0000] {processor.py:914} INFO - Processing file /opt/airflow/dags/etl.py for tasks to queue
[2025-04-02T19:57:28.226+0000] {logging_mixin.py:190} INFO - [2025-04-02T19:57:28.226+0000] {dagbag.py:588} INFO - Filling up the DagBag from /opt/airflow/dags/etl.py
[2025-04-02T19:57:28.566+0000] {processor.py:925} INFO - DAG(s) 'etl_sales_pipeline' retrieved from /opt/airflow/dags/etl.py
[2025-04-02T19:57:28.582+0000] {logging_mixin.py:190} INFO - [2025-04-02T19:57:28.582+0000] {dag.py:3239} INFO - Sync 1 DAGs
[2025-04-02T19:57:28.595+0000] {logging_mixin.py:190} INFO - [2025-04-02T19:57:28.595+0000] {dag.py:4180} INFO - Setting next_dagrun for etl_sales_pipeline to 2025-05-05 00:00:00+00:00, run_after=2025-05-06 00:00:00+00:00
[2025-04-02T19:57:28.607+0000] {processor.py:208} INFO - Processing /opt/airflow/dags/etl.py took 0.386 seconds
[2025-04-02T19:57:58.771+0000] {processor.py:186} INFO - Started process (PID=380) to work on /opt/airflow/dags/etl.py
[2025-04-02T19:57:58.771+0000] {processor.py:914} INFO - Processing file /opt/airflow/dags/etl.py for tasks to queue
[2025-04-02T19:57:58.772+0000] {logging_mixin.py:190} INFO - [2025-04-02T19:57:58.772+0000] {dagbag.py:588} INFO - Filling up the DagBag from /opt/airflow/dags/etl.py
[2025-04-02T19:57:59.139+0000] {processor.py:925} INFO - DAG(s) 'etl_sales_pipeline' retrieved from /opt/airflow/dags/etl.py
[2025-04-02T19:57:59.154+0000] {logging_mixin.py:190} INFO - [2025-04-02T19:57:59.154+0000] {dag.py:3239} INFO - Sync 1 DAGs
[2025-04-02T19:57:59.168+0000] {logging_mixin.py:190} INFO - [2025-04-02T19:57:59.167+0000] {dag.py:4180} INFO - Setting next_dagrun for etl_sales_pipeline to 2025-05-05 00:00:00+00:00, run_after=2025-05-06 00:00:00+00:00
[2025-04-02T19:57:59.180+0000] {processor.py:208} INFO - Processing /opt/airflow/dags/etl.py took 0.413 seconds
[2025-04-02T19:58:29.358+0000] {processor.py:186} INFO - Started process (PID=386) to work on /opt/airflow/dags/etl.py
[2025-04-02T19:58:29.359+0000] {processor.py:914} INFO - Processing file /opt/airflow/dags/etl.py for tasks to queue
[2025-04-02T19:58:29.360+0000] {logging_mixin.py:190} INFO - [2025-04-02T19:58:29.359+0000] {dagbag.py:588} INFO - Filling up the DagBag from /opt/airflow/dags/etl.py
[2025-04-02T19:58:29.705+0000] {processor.py:925} INFO - DAG(s) 'etl_sales_pipeline' retrieved from /opt/airflow/dags/etl.py
[2025-04-02T19:58:29.721+0000] {logging_mixin.py:190} INFO - [2025-04-02T19:58:29.721+0000] {dag.py:3239} INFO - Sync 1 DAGs
[2025-04-02T19:58:29.736+0000] {logging_mixin.py:190} INFO - [2025-04-02T19:58:29.736+0000] {dag.py:4180} INFO - Setting next_dagrun for etl_sales_pipeline to 2025-05-05 00:00:00+00:00, run_after=2025-05-06 00:00:00+00:00
[2025-04-02T19:58:29.750+0000] {processor.py:208} INFO - Processing /opt/airflow/dags/etl.py took 0.396 seconds
[2025-04-02T19:58:59.913+0000] {processor.py:186} INFO - Started process (PID=392) to work on /opt/airflow/dags/etl.py
[2025-04-02T19:58:59.914+0000] {processor.py:914} INFO - Processing file /opt/airflow/dags/etl.py for tasks to queue
[2025-04-02T19:58:59.915+0000] {logging_mixin.py:190} INFO - [2025-04-02T19:58:59.915+0000] {dagbag.py:588} INFO - Filling up the DagBag from /opt/airflow/dags/etl.py
[2025-04-02T19:59:00.255+0000] {processor.py:925} INFO - DAG(s) 'etl_sales_pipeline' retrieved from /opt/airflow/dags/etl.py
[2025-04-02T19:59:00.270+0000] {logging_mixin.py:190} INFO - [2025-04-02T19:59:00.270+0000] {dag.py:3239} INFO - Sync 1 DAGs
[2025-04-02T19:59:00.285+0000] {logging_mixin.py:190} INFO - [2025-04-02T19:59:00.284+0000] {dag.py:4180} INFO - Setting next_dagrun for etl_sales_pipeline to 2025-05-05 00:00:00+00:00, run_after=2025-05-06 00:00:00+00:00
[2025-04-02T19:59:00.296+0000] {processor.py:208} INFO - Processing /opt/airflow/dags/etl.py took 0.386 seconds
[2025-04-02T19:59:30.460+0000] {processor.py:186} INFO - Started process (PID=398) to work on /opt/airflow/dags/etl.py
[2025-04-02T19:59:30.461+0000] {processor.py:914} INFO - Processing file /opt/airflow/dags/etl.py for tasks to queue
[2025-04-02T19:59:30.462+0000] {logging_mixin.py:190} INFO - [2025-04-02T19:59:30.461+0000] {dagbag.py:588} INFO - Filling up the DagBag from /opt/airflow/dags/etl.py
[2025-04-02T19:59:30.819+0000] {processor.py:925} INFO - DAG(s) 'etl_sales_pipeline' retrieved from /opt/airflow/dags/etl.py
[2025-04-02T19:59:30.835+0000] {logging_mixin.py:190} INFO - [2025-04-02T19:59:30.835+0000] {dag.py:3239} INFO - Sync 1 DAGs
[2025-04-02T19:59:30.851+0000] {logging_mixin.py:190} INFO - [2025-04-02T19:59:30.850+0000] {dag.py:4180} INFO - Setting next_dagrun for etl_sales_pipeline to 2025-05-05 00:00:00+00:00, run_after=2025-05-06 00:00:00+00:00
[2025-04-02T19:59:30.863+0000] {processor.py:208} INFO - Processing /opt/airflow/dags/etl.py took 0.408 seconds
[2025-04-02T20:00:01.024+0000] {processor.py:186} INFO - Started process (PID=404) to work on /opt/airflow/dags/etl.py
[2025-04-02T20:00:01.025+0000] {processor.py:914} INFO - Processing file /opt/airflow/dags/etl.py for tasks to queue
[2025-04-02T20:00:01.026+0000] {logging_mixin.py:190} INFO - [2025-04-02T20:00:01.025+0000] {dagbag.py:588} INFO - Filling up the DagBag from /opt/airflow/dags/etl.py
[2025-04-02T20:00:01.380+0000] {processor.py:925} INFO - DAG(s) 'etl_sales_pipeline' retrieved from /opt/airflow/dags/etl.py
[2025-04-02T20:00:01.395+0000] {logging_mixin.py:190} INFO - [2025-04-02T20:00:01.394+0000] {dag.py:3239} INFO - Sync 1 DAGs
[2025-04-02T20:00:01.408+0000] {logging_mixin.py:190} INFO - [2025-04-02T20:00:01.408+0000] {dag.py:4180} INFO - Setting next_dagrun for etl_sales_pipeline to 2025-05-05 00:00:00+00:00, run_after=2025-05-06 00:00:00+00:00
[2025-04-02T20:00:01.420+0000] {processor.py:208} INFO - Processing /opt/airflow/dags/etl.py took 0.399 seconds
[2025-04-02T20:00:31.584+0000] {processor.py:186} INFO - Started process (PID=410) to work on /opt/airflow/dags/etl.py
[2025-04-02T20:00:31.584+0000] {processor.py:914} INFO - Processing file /opt/airflow/dags/etl.py for tasks to queue
[2025-04-02T20:00:31.585+0000] {logging_mixin.py:190} INFO - [2025-04-02T20:00:31.585+0000] {dagbag.py:588} INFO - Filling up the DagBag from /opt/airflow/dags/etl.py
[2025-04-02T20:00:31.936+0000] {processor.py:925} INFO - DAG(s) 'etl_sales_pipeline' retrieved from /opt/airflow/dags/etl.py
[2025-04-02T20:00:31.951+0000] {logging_mixin.py:190} INFO - [2025-04-02T20:00:31.951+0000] {dag.py:3239} INFO - Sync 1 DAGs
[2025-04-02T20:00:31.970+0000] {logging_mixin.py:190} INFO - [2025-04-02T20:00:31.970+0000] {dag.py:4180} INFO - Setting next_dagrun for etl_sales_pipeline to 2025-05-05 00:00:00+00:00, run_after=2025-05-06 00:00:00+00:00
[2025-04-02T20:00:31.989+0000] {processor.py:208} INFO - Processing /opt/airflow/dags/etl.py took 0.409 seconds
[2025-04-02T20:01:02.157+0000] {processor.py:186} INFO - Started process (PID=416) to work on /opt/airflow/dags/etl.py
[2025-04-02T20:01:02.158+0000] {processor.py:914} INFO - Processing file /opt/airflow/dags/etl.py for tasks to queue
[2025-04-02T20:01:02.159+0000] {logging_mixin.py:190} INFO - [2025-04-02T20:01:02.159+0000] {dagbag.py:588} INFO - Filling up the DagBag from /opt/airflow/dags/etl.py
[2025-04-02T20:01:02.524+0000] {processor.py:925} INFO - DAG(s) 'etl_sales_pipeline' retrieved from /opt/airflow/dags/etl.py
[2025-04-02T20:01:02.540+0000] {logging_mixin.py:190} INFO - [2025-04-02T20:01:02.539+0000] {dag.py:3239} INFO - Sync 1 DAGs
[2025-04-02T20:01:02.554+0000] {logging_mixin.py:190} INFO - [2025-04-02T20:01:02.554+0000] {dag.py:4180} INFO - Setting next_dagrun for etl_sales_pipeline to 2025-05-05 00:00:00+00:00, run_after=2025-05-06 00:00:00+00:00
[2025-04-02T20:01:02.567+0000] {processor.py:208} INFO - Processing /opt/airflow/dags/etl.py took 0.414 seconds
[2025-04-02T20:01:32.736+0000] {processor.py:186} INFO - Started process (PID=422) to work on /opt/airflow/dags/etl.py
[2025-04-02T20:01:32.737+0000] {processor.py:914} INFO - Processing file /opt/airflow/dags/etl.py for tasks to queue
[2025-04-02T20:01:32.738+0000] {logging_mixin.py:190} INFO - [2025-04-02T20:01:32.738+0000] {dagbag.py:588} INFO - Filling up the DagBag from /opt/airflow/dags/etl.py
[2025-04-02T20:01:33.070+0000] {processor.py:925} INFO - DAG(s) 'etl_sales_pipeline' retrieved from /opt/airflow/dags/etl.py
[2025-04-02T20:01:33.085+0000] {logging_mixin.py:190} INFO - [2025-04-02T20:01:33.085+0000] {dag.py:3239} INFO - Sync 1 DAGs
[2025-04-02T20:01:33.098+0000] {logging_mixin.py:190} INFO - [2025-04-02T20:01:33.098+0000] {dag.py:4180} INFO - Setting next_dagrun for etl_sales_pipeline to 2025-05-05 00:00:00+00:00, run_after=2025-05-06 00:00:00+00:00
[2025-04-02T20:01:33.112+0000] {processor.py:208} INFO - Processing /opt/airflow/dags/etl.py took 0.380 seconds
[2025-04-02T20:02:03.277+0000] {processor.py:186} INFO - Started process (PID=428) to work on /opt/airflow/dags/etl.py
[2025-04-02T20:02:03.278+0000] {processor.py:914} INFO - Processing file /opt/airflow/dags/etl.py for tasks to queue
[2025-04-02T20:02:03.278+0000] {logging_mixin.py:190} INFO - [2025-04-02T20:02:03.278+0000] {dagbag.py:588} INFO - Filling up the DagBag from /opt/airflow/dags/etl.py
[2025-04-02T20:02:03.612+0000] {processor.py:925} INFO - DAG(s) 'etl_sales_pipeline' retrieved from /opt/airflow/dags/etl.py
[2025-04-02T20:02:03.627+0000] {logging_mixin.py:190} INFO - [2025-04-02T20:02:03.627+0000] {dag.py:3239} INFO - Sync 1 DAGs
[2025-04-02T20:02:03.645+0000] {logging_mixin.py:190} INFO - [2025-04-02T20:02:03.644+0000] {dag.py:4180} INFO - Setting next_dagrun for etl_sales_pipeline to 2025-05-05 00:00:00+00:00, run_after=2025-05-06 00:00:00+00:00
[2025-04-02T20:02:03.659+0000] {processor.py:208} INFO - Processing /opt/airflow/dags/etl.py took 0.386 seconds
[2025-04-02T20:02:33.827+0000] {processor.py:186} INFO - Started process (PID=434) to work on /opt/airflow/dags/etl.py
[2025-04-02T20:02:33.828+0000] {processor.py:914} INFO - Processing file /opt/airflow/dags/etl.py for tasks to queue
[2025-04-02T20:02:33.829+0000] {logging_mixin.py:190} INFO - [2025-04-02T20:02:33.829+0000] {dagbag.py:588} INFO - Filling up the DagBag from /opt/airflow/dags/etl.py
[2025-04-02T20:02:34.171+0000] {processor.py:925} INFO - DAG(s) 'etl_sales_pipeline' retrieved from /opt/airflow/dags/etl.py
[2025-04-02T20:02:34.187+0000] {logging_mixin.py:190} INFO - [2025-04-02T20:02:34.187+0000] {dag.py:3239} INFO - Sync 1 DAGs
[2025-04-02T20:02:34.201+0000] {logging_mixin.py:190} INFO - [2025-04-02T20:02:34.201+0000] {dag.py:4180} INFO - Setting next_dagrun for etl_sales_pipeline to 2025-05-05 00:00:00+00:00, run_after=2025-05-06 00:00:00+00:00
[2025-04-02T20:02:34.215+0000] {processor.py:208} INFO - Processing /opt/airflow/dags/etl.py took 0.393 seconds
[2025-04-02T20:03:04.385+0000] {processor.py:186} INFO - Started process (PID=440) to work on /opt/airflow/dags/etl.py
[2025-04-02T20:03:04.386+0000] {processor.py:914} INFO - Processing file /opt/airflow/dags/etl.py for tasks to queue
[2025-04-02T20:03:04.387+0000] {logging_mixin.py:190} INFO - [2025-04-02T20:03:04.387+0000] {dagbag.py:588} INFO - Filling up the DagBag from /opt/airflow/dags/etl.py
[2025-04-02T20:03:04.733+0000] {processor.py:925} INFO - DAG(s) 'etl_sales_pipeline' retrieved from /opt/airflow/dags/etl.py
[2025-04-02T20:03:04.750+0000] {logging_mixin.py:190} INFO - [2025-04-02T20:03:04.749+0000] {dag.py:3239} INFO - Sync 1 DAGs
[2025-04-02T20:03:04.764+0000] {logging_mixin.py:190} INFO - [2025-04-02T20:03:04.763+0000] {dag.py:4180} INFO - Setting next_dagrun for etl_sales_pipeline to 2025-05-05 00:00:00+00:00, run_after=2025-05-06 00:00:00+00:00
[2025-04-02T20:03:04.778+0000] {processor.py:208} INFO - Processing /opt/airflow/dags/etl.py took 0.398 seconds
